  [4;36;1mSQL (0.0ms)[0m   [0;1m SELECT name
 FROM sqlite_master
 WHERE type = 'table' AND NOT name = 'sqlite_sequence'
[0m
  [4;35;1mSQL (0.0ms)[0m   [0mselect sqlite_version(*)[0m
  [4;36;1mSQL (78.0ms)[0m   [0;1mCREATE TABLE "schema_migrations" ("version" varchar(255) NOT NULL) [0m
  [4;35;1mSQL (32.0ms)[0m   [0mCREATE UNIQUE INDEX "unique_schema_migrations" ON "schema_migrations" ("version")[0m
  [4;36;1mSQL (0.0ms)[0m   [0;1m SELECT name
 FROM sqlite_master
 WHERE type = 'table' AND NOT name = 'sqlite_sequence'
[0m
  [4;35;1mSQL (0.0ms)[0m   [0mSELECT version FROM schema_migrations[0m
Migrating to CreateCourses (20091110225146)
  [4;36;1mSQL (0.0ms)[0m   [0;1mCREATE TABLE "courses" ("id" INTEGER PRIMARY KEY AUTOINCREMENT NOT NULL, "name" varchar(255), "description" text, "created_at" datetime, "updated_at" datetime) [0m
  [4;35;1mSQL (0.0ms)[0m   [0mINSERT INTO schema_migrations (version) VALUES ('20091110225146')[0m
  [4;36;1mSQL (0.0ms)[0m   [0;1m SELECT name
 FROM sqlite_master
 WHERE type = 'table' AND NOT name = 'sqlite_sequence'
[0m
  [4;35;1mSQL (0.0ms)[0m   [0mSELECT version FROM schema_migrations[0m
  [4;36;1mSQL (0.0ms)[0m   [0;1m SELECT name
 FROM sqlite_master
 WHERE type = 'table' AND NOT name = 'sqlite_sequence'
[0m
  [4;35;1mSQL (0.0ms)[0m   [0mPRAGMA index_list("courses")[0m
  [4;36;1mCourse Create (0.0ms)[0m   [0;1mINSERT INTO "courses" ("name", "updated_at", "description", "created_at") VALUES('Kurssi 1', '2009-11-10 23:03:56', 'Kurssi 1 kuvaus', '2009-11-10 23:03:56')[0m


Processing CoursesController#index (for 127.0.0.1 at 2009-11-11 01:04:32) [GET]
  [4;36;1mCourse Load (0.0ms)[0m   [0;1mSELECT * FROM "courses" [0m
Rendering courses/index
Completed in 15ms (View: 10, DB: 0) | 200 OK [http://127.0.0.1/courses]


Processing CoursesController#index (for 127.0.0.1 at 2009-11-11 01:13:05) [GET]
  [4;35;1mCourse Load (0.0ms)[0m   [0mSELECT * FROM "courses" [0m
Rendering courses/index
Completed in 80ms (View: 70, DB: 0) | 200 OK [http://127.0.0.1/courses]


Processing CoursesController#show (for 127.0.0.1 at 2009-11-11 01:13:06) [GET]
  Parameters: {"id"=>"1"}
  [4;36;1mCourse Load (1.0ms)[0m   [0;1mSELECT * FROM "courses" WHERE ("courses"."id" = '--- :id
') [0m

ActiveRecord::RecordNotFound (Couldn't find Course with ID=id):
  app/controllers/courses_controller.rb:6:in `show'
  -e:2:in `load'
  -e:2

Rendered rescues/_trace (38.0ms)
Rendered rescues/_request_and_response (2.0ms)
Rendering rescues/layout (not_found)


Processing CoursesController#show (for 127.0.0.1 at 2009-11-11 01:13:48) [GET]
  Parameters: {"id"=>"1"}
  [4;35;1mCourse Load (0.0ms)[0m   [0mSELECT * FROM "courses" WHERE ("courses"."id" = 1) [0m
Rendering courses/show
Completed in 15ms (View: 15, DB: 0) | 200 OK [http://127.0.0.1/courses/show/1]


Processing CoursesController#show (for 127.0.0.1 at 2009-11-11 01:16:30) [GET]
  Parameters: {"id"=>"1"}
  [4;36;1mCourse Load (0.0ms)[0m   [0;1mSELECT * FROM "courses" WHERE ("courses"."id" = 1) [0m
Rendering courses/show
Completed in 10ms (View: 0, DB: 0) | 200 OK [http://127.0.0.1/courses/show/1]


Processing CoursesController#index (for 127.0.0.1 at 2009-11-11 01:16:31) [GET]
  [4;35;1mCourse Load (1.0ms)[0m   [0mSELECT * FROM "courses" [0m
Rendering courses/index
Completed in 8ms (View: 3, DB: 1) | 200 OK [http://127.0.0.1/courses]


Processing CoursesController#show (for 127.0.0.1 at 2009-11-11 01:19:47) [GET]
  Parameters: {"id"=>"1"}
  [4;36;1mCourse Load (0.0ms)[0m   [0;1mSELECT * FROM "courses" WHERE ("courses"."id" = 1) [0m
Rendering template within layouts/application
Rendering courses/show
Completed in 20ms (View: 10, DB: 0) | 200 OK [http://127.0.0.1/courses/show/1]


Processing CoursesController#index (for 127.0.0.1 at 2009-11-11 01:19:50) [GET]
  [4;35;1mCourse Load (1.0ms)[0m   [0mSELECT * FROM "courses" [0m
Rendering template within layouts/application
Rendering courses/index
Completed in 8ms (View: 3, DB: 1) | 200 OK [http://127.0.0.1/courses/]


Processing CoursesController#show (for 127.0.0.1 at 2009-11-11 01:20:01) [GET]
  Parameters: {"id"=>"1"}
  [4;36;1mCourse Load (0.0ms)[0m   [0;1mSELECT * FROM "courses" WHERE ("courses"."id" = 1) [0m
Rendering template within layouts/application
Rendering courses/show
Completed in 0ms (View: 0, DB: 0) | 200 OK [http://127.0.0.1/courses/show/1]


Processing CoursesController#index (for 127.0.0.1 at 2009-11-11 01:20:05) [GET]
  [4;35;1mCourse Load (1.0ms)[0m   [0mSELECT * FROM "courses" [0m
Rendering template within layouts/application
Rendering courses/index
Completed in 9ms (View: 3, DB: 1) | 200 OK [http://127.0.0.1/courses]


Processing CoursesController#show (for 127.0.0.1 at 2009-11-11 01:20:06) [GET]
  Parameters: {"id"=>"1"}
  [4;36;1mCourse Load (0.0ms)[0m   [0;1mSELECT * FROM "courses" WHERE ("courses"."id" = 1) [0m
Rendering template within layouts/application
Rendering courses/show
Completed in 9ms (View: 2, DB: 0) | 200 OK [http://127.0.0.1/courses/show/1]


Processing CoursesController#index (for 127.0.0.1 at 2009-11-11 01:20:08) [GET]
  [4;35;1mCourse Load (1.0ms)[0m   [0mSELECT * FROM "courses" [0m
Rendering template within layouts/application
Rendering courses/index
Completed in 8ms (View: 3, DB: 1) | 200 OK [http://127.0.0.1/courses]


Processing CoursesController#show (for 127.0.0.1 at 2009-11-11 01:20:09) [GET]
  Parameters: {"id"=>"1"}
  [4;36;1mCourse Load (0.0ms)[0m   [0;1mSELECT * FROM "courses" WHERE ("courses"."id" = 1) [0m
Rendering template within layouts/application
Rendering courses/show
Completed in 9ms (View: 3, DB: 0) | 200 OK [http://127.0.0.1/courses/show/1]


Processing CoursesController#index (for 127.0.0.1 at 2009-11-11 01:20:17) [GET]
  [4;35;1mCourse Load (0.0ms)[0m   [0mSELECT * FROM "courses" [0m
Rendering template within layouts/application
Rendering courses/index
Completed in 8ms (View: 3, DB: 0) | 200 OK [http://127.0.0.1/courses]


Processing CoursesController#show (for 127.0.0.1 at 2009-11-11 01:20:19) [GET]
  Parameters: {"id"=>"1"}
  [4;36;1mCourse Load (0.0ms)[0m   [0;1mSELECT * FROM "courses" WHERE ("courses"."id" = 1) [0m
Rendering template within layouts/application
Rendering courses/show
Completed in 18ms (View: 2, DB: 0) | 200 OK [http://127.0.0.1/courses/show/1]


Processing CoursesController#index (for 127.0.0.1 at 2009-11-11 01:20:36) [GET]
  [4;35;1mCourse Load (0.0ms)[0m   [0mSELECT * FROM "courses" [0m
Rendering template within layouts/application
Rendering courses/index
Completed in 9ms (View: 3, DB: 0) | 200 OK [http://127.0.0.1/courses]


Processing CoursesController#show (for 127.0.0.1 at 2009-11-11 01:20:37) [GET]
  Parameters: {"id"=>"1"}
  [4;36;1mCourse Load (0.0ms)[0m   [0;1mSELECT * FROM "courses" WHERE ("courses"."id" = 1) [0m
Rendering template within layouts/application
Rendering courses/show
Completed in 10ms (View: 10, DB: 0) | 200 OK [http://127.0.0.1/courses/show/1]


Processing CoursesController#show (for 127.0.0.1 at 2009-11-11 01:26:48) [GET]
  Parameters: {"id"=>"1"}
  [4;35;1mCourse Load (0.0ms)[0m   [0mSELECT * FROM "courses" WHERE ("courses"."id" = 1) [0m
Rendering template within layouts/application
Rendering courses/show
Completed in 20ms (View: 10, DB: 0) | 200 OK [http://127.0.0.1/courses/show/1]


Processing CoursesController#index (for 127.0.0.1 at 2009-11-11 01:28:37) [GET]
  [4;36;1mCourse Load (0.0ms)[0m   [0;1mSELECT * FROM "courses" [0m
Rendering template within layouts/application
Rendering courses/index
Completed in 10ms (View: 3, DB: 0) | 200 OK [http://127.0.0.1/courses]


Processing CoursesController#show (for 127.0.0.1 at 2009-11-11 01:28:38) [GET]
  Parameters: {"id"=>"1"}
  [4;35;1mCourse Load (0.0ms)[0m   [0mSELECT * FROM "courses" WHERE ("courses"."id" = 1) [0m
Rendering template within layouts/application
Rendering courses/show
Completed in 9ms (View: 3, DB: 0) | 200 OK [http://127.0.0.1/courses/show/1]


Processing CoursesController#index (for 127.0.0.1 at 2009-11-11 01:28:40) [GET]
  [4;36;1mCourse Load (0.0ms)[0m   [0;1mSELECT * FROM "courses" [0m
Rendering template within layouts/application
Rendering courses/index
Completed in 17ms (View: 3, DB: 0) | 200 OK [http://127.0.0.1/courses]


Processing CoursesController#show (for 127.0.0.1 at 2009-11-11 01:28:42) [GET]
  Parameters: {"id"=>"1"}
  [4;35;1mCourse Load (0.0ms)[0m   [0mSELECT * FROM "courses" WHERE ("courses"."id" = 1) [0m
Rendering template within layouts/application
Rendering courses/show
Completed in 9ms (View: 3, DB: 0) | 200 OK [http://127.0.0.1/courses/show/1]


Processing CoursesController#index (for 127.0.0.1 at 2009-11-11 01:28:44) [GET]
  [4;36;1mCourse Load (0.0ms)[0m   [0;1mSELECT * FROM "courses" [0m
Rendering template within layouts/application
Rendering courses/index
Completed in 9ms (View: 3, DB: 0) | 200 OK [http://127.0.0.1/courses]


Processing CoursesController#index (for 127.0.0.1 at 2009-11-11 01:30:21) [GET]
  [4;35;1mCourse Load (0.0ms)[0m   [0mSELECT * FROM "courses" [0m
Rendering template within layouts/application
Rendering courses/index
Completed in 10ms (View: 0, DB: 0) | 200 OK [http://127.0.0.1/courses]


Processing CoursesController#show (for 127.0.0.1 at 2009-11-11 01:30:23) [GET]
  Parameters: {"id"=>"1"}
  [4;36;1mCourse Load (0.0ms)[0m   [0;1mSELECT * FROM "courses" WHERE ("courses"."id" = 1) [0m
Rendering template within layouts/application
Rendering courses/show
Completed in 9ms (View: 2, DB: 0) | 200 OK [http://127.0.0.1/courses/show/1]


Processing CoursesController#index (for 127.0.0.1 at 2009-11-11 01:30:24) [GET]
  [4;35;1mCourse Load (1.0ms)[0m   [0mSELECT * FROM "courses" [0m
Rendering template within layouts/application
Rendering courses/index
Completed in 11ms (View: 6, DB: 1) | 200 OK [http://127.0.0.1/courses]


Processing CoursesController#show (for 127.0.0.1 at 2009-11-11 01:30:25) [GET]
  Parameters: {"id"=>"1"}
  [4;36;1mCourse Load (0.0ms)[0m   [0;1mSELECT * FROM "courses" WHERE ("courses"."id" = 1) [0m
Rendering template within layouts/application
Rendering courses/show
Completed in 9ms (View: 3, DB: 0) | 200 OK [http://127.0.0.1/courses/show/1]


Processing CoursesController#index (for 127.0.0.1 at 2009-11-11 01:30:27) [GET]
  [4;35;1mCourse Load (0.0ms)[0m   [0mSELECT * FROM "courses" [0m
Rendering template within layouts/application
Rendering courses/index
Completed in 10ms (View: 3, DB: 0) | 200 OK [http://127.0.0.1/courses]


Processing CoursesController#show (for 127.0.0.1 at 2009-11-11 01:30:28) [GET]
  Parameters: {"id"=>"1"}
  [4;36;1mCourse Load (0.0ms)[0m   [0;1mSELECT * FROM "courses" WHERE ("courses"."id" = 1) [0m
Rendering template within layouts/application
Rendering courses/show
Completed in 10ms (View: 3, DB: 0) | 200 OK [http://127.0.0.1/courses/show/1]


Processing CoursesController#index (for 127.0.0.1 at 2009-11-11 01:32:07) [GET]
  [4;35;1mCourse Load (1.0ms)[0m   [0mSELECT * FROM "courses" [0m
Rendering template within layouts/application
Rendering courses/index
Completed in 9ms (View: 3, DB: 1) | 200 OK [http://127.0.0.1/courses]


Processing CoursesController#show (for 127.0.0.1 at 2009-11-11 01:32:08) [GET]
  Parameters: {"id"=>"1"}
  [4;36;1mCourse Load (0.0ms)[0m   [0;1mSELECT * FROM "courses" WHERE ("courses"."id" = 1) [0m
Rendering template within layouts/application
Rendering courses/show
Completed in 9ms (View: 3, DB: 0) | 200 OK [http://127.0.0.1/courses/show/1]


Processing CoursesController#index (for 127.0.0.1 at 2009-11-11 01:32:45) [GET]
  [4;35;1mCourse Load (1.0ms)[0m   [0mSELECT * FROM "courses" [0m
Rendering template within layouts/application
Rendering courses/index
Completed in 9ms (View: 4, DB: 1) | 200 OK [http://127.0.0.1/courses]


Processing CoursesController#index (for 127.0.0.1 at 2009-11-11 01:34:40) [GET]
  [4;36;1mCourse Load (0.0ms)[0m   [0;1mSELECT * FROM "courses" [0m
Rendering template within layouts/application
Rendering courses/index
Completed in 0ms (View: 0, DB: 0) | 200 OK [http://localhost/courses]


Processing CoursesController#show (for 127.0.0.1 at 2009-11-11 01:34:42) [GET]
  Parameters: {"id"=>"1"}
  [4;35;1mCourse Load (0.0ms)[0m   [0mSELECT * FROM "courses" WHERE ("courses"."id" = 1) [0m
Rendering template within layouts/application
Rendering courses/show
Completed in 10ms (View: 0, DB: 0) | 200 OK [http://localhost/courses/show/1]


Processing CoursesController#index (for 127.0.0.1 at 2009-11-11 01:34:44) [GET]
  [4;36;1mCourse Load (0.0ms)[0m   [0;1mSELECT * FROM "courses" [0m
Rendering template within layouts/application
Rendering courses/index
Completed in 10ms (View: 10, DB: 0) | 200 OK [http://localhost/courses]


Processing CoursesController#index (for 127.0.0.1 at 2009-11-12 10:51:44) [GET]
  [4;36;1mCourse Load (1.0ms)[0m   [0;1mSELECT * FROM "courses" [0m
Rendering template within layouts/application
Rendering courses/index
Completed in 53ms (View: 48, DB: 1) | 200 OK [http://127.0.0.1/courses]


Processing CoursesController#index (for 127.0.0.1 at 2009-11-12 10:53:04) [GET]
  [4;35;1mCourse Load (0.0ms)[0m   [0mSELECT * FROM "courses" [0m
Rendering template within layouts/application
Rendering courses/index
Completed in 8ms (View: 3, DB: 0) | 200 OK [http://127.0.0.1/courses]


Processing CoursesController#index (for 127.0.0.1 at 2009-11-12 10:58:32) [GET]
  [4;36;1mCourse Load (0.0ms)[0m   [0;1mSELECT * FROM "courses" [0m
Rendering template within layouts/application
Rendering courses/index
Completed in 0ms (View: 0, DB: 0) | 200 OK [http://127.0.0.1/courses]


Processing CoursesController#index (for 127.0.0.1 at 2009-11-12 10:58:37) [GET]
  [4;35;1mCourse Load (0.0ms)[0m   [0mSELECT * FROM "courses" [0m
Rendering template within layouts/application
Rendering courses/index
Completed in 0ms (View: 0, DB: 0) | 200 OK [http://127.0.0.1/courses]


Processing CoursesController#index (for 127.0.0.1 at 2009-11-12 11:59:46) [GET]
  [4;36;1mCourse Load (0.0ms)[0m   [0;1mSELECT * FROM "courses" [0m
Rendering template within layouts/application
Rendering courses/index
Completed in 9ms (View: 3, DB: 0) | 200 OK [http://127.0.0.1/courses]


Processing CoursesController#index (for 127.0.0.1 at 2009-11-12 12:00:23) [GET]
  [4;36;1mCourse Load (0.0ms)[0m   [0;1mSELECT * FROM "courses" [0m
Rendering template within layouts/application
Rendering courses/index
Completed in 54ms (View: 48, DB: 0) | 200 OK [http://127.0.0.1/]


Processing CoursesController#index (for 127.0.0.1 at 2009-11-12 12:00:25) [GET]
  [4;35;1mCourse Load (1.0ms)[0m   [0mSELECT * FROM "courses" [0m
Rendering template within layouts/application
Rendering courses/index
Completed in 8ms (View: 3, DB: 1) | 200 OK [http://127.0.0.1/]


Processing CoursesController#index (for 127.0.0.1 at 2009-11-12 12:00:26) [GET]
  [4;36;1mCourse Load (0.0ms)[0m   [0;1mSELECT * FROM "courses" [0m
Rendering template within layouts/application
Rendering courses/index
Completed in 9ms (View: 3, DB: 0) | 200 OK [http://127.0.0.1/]


Processing CoursesController#show (for 127.0.0.1 at 2009-11-12 12:00:38) [GET]
  Parameters: {"id"=>"1"}
  [4;35;1mCourse Load (0.0ms)[0m   [0mSELECT * FROM "courses" WHERE ("courses"."id" = 1) [0m
Rendering template within layouts/application
Rendering courses/show
Completed in 14ms (View: 8, DB: 0) | 200 OK [http://127.0.0.1/courses/show/1]


Processing CoursesController#index (for 127.0.0.1 at 2009-11-12 12:00:39) [GET]
  [4;36;1mCourse Load (1.0ms)[0m   [0;1mSELECT * FROM "courses" [0m
Rendering template within layouts/application
Rendering courses/index
Completed in 9ms (View: 3, DB: 1) | 200 OK [http://127.0.0.1/]


Processing CoursesController#show (for 127.0.0.1 at 2009-11-12 12:00:40) [GET]
  Parameters: {"id"=>"1"}
  [4;35;1mCourse Load (0.0ms)[0m   [0mSELECT * FROM "courses" WHERE ("courses"."id" = 1) [0m
Rendering template within layouts/application
Rendering courses/show
Completed in 9ms (View: 3, DB: 0) | 200 OK [http://127.0.0.1/courses/show/1]


Processing CoursesController#index (for 127.0.0.1 at 2009-11-12 12:00:43) [GET]
  [4;36;1mCourse Load (0.0ms)[0m   [0;1mSELECT * FROM "courses" [0m
Rendering template within layouts/application
Rendering courses/index
Completed in 9ms (View: 3, DB: 0) | 200 OK [http://127.0.0.1/]


Processing CoursesController#index (for 80.223.209.94 at 2009-11-12 13:51:52) [GET]
  [4;35;1mCourse Load (1.0ms)[0m   [0mSELECT * FROM "courses" [0m
Rendering template within layouts/application
Rendering courses/index
Completed in 9ms (View: 4, DB: 1) | 200 OK [http://lasipalatsi.dyndns.tv/courses]


Processing CoursesController#show (for 80.223.209.94 at 2009-11-12 13:51:57) [GET]
  Parameters: {"id"=>"1"}
  [4;36;1mCourse Load (0.0ms)[0m   [0;1mSELECT * FROM "courses" WHERE ("courses"."id" = 1) [0m
Rendering template within layouts/application
Rendering courses/show
Completed in 9ms (View: 3, DB: 0) | 200 OK [http://lasipalatsi.dyndns.tv/courses/show/1]


Processing CoursesController#index (for 80.223.209.94 at 2009-11-12 13:52:04) [GET]
  [4;35;1mCourse Load (0.0ms)[0m   [0mSELECT * FROM "courses" [0m
Rendering template within layouts/application
Rendering courses/index
Completed in 8ms (View: 3, DB: 0) | 200 OK [http://lasipalatsi.dyndns.tv/]


Processing CoursesController#show (for 80.223.209.94 at 2009-11-12 13:52:48) [GET]
  Parameters: {"id"=>"1"}
  [4;36;1mCourse Load (0.0ms)[0m   [0;1mSELECT * FROM "courses" WHERE ("courses"."id" = 1) [0m
Rendering template within layouts/application
Rendering courses/show
Completed in 8ms (View: 2, DB: 0) | 200 OK [http://lasipalatsi.dyndns.tv/courses/show/1]


Processing CoursesController#index (for 80.223.209.94 at 2009-11-12 13:55:51) [GET]
  [4;35;1mCourse Load (0.0ms)[0m   [0mSELECT * FROM "courses" [0m
Rendering template within layouts/application
Rendering courses/index
Completed in 9ms (View: 3, DB: 0) | 200 OK [http://lasipalatsi.dyndns.tv/courses]
  [4;36;1mSQL (0.0ms)[0m   [0;1m SELECT name
 FROM sqlite_master
 WHERE type = 'table' AND NOT name = 'sqlite_sequence'
[0m
  [4;35;1mSQL (0.0ms)[0m   [0mSELECT version FROM schema_migrations[0m
Migrating to CreateCourses (20091110225146)
Migrating to CreateUsers (20091118164610)
  [4;36;1mSQL (0.0ms)[0m   [0;1mselect sqlite_version(*)[0m
  [4;35;1mSQL (1.0ms)[0m   [0mCREATE TABLE "users" ("id" INTEGER PRIMARY KEY AUTOINCREMENT NOT NULL, "username" varchar(255), "password" varchar(255), "created_at" datetime, "updated_at" datetime) [0m
  [4;36;1mSQL (0.0ms)[0m   [0;1mINSERT INTO schema_migrations (version) VALUES ('20091118164610')[0m
  [4;35;1mSQL (0.0ms)[0m   [0m SELECT name
 FROM sqlite_master
 WHERE type = 'table' AND NOT name = 'sqlite_sequence'
[0m
  [4;36;1mSQL (0.0ms)[0m   [0;1mSELECT version FROM schema_migrations[0m
  [4;35;1mSQL (1.0ms)[0m   [0m SELECT name
 FROM sqlite_master
 WHERE type = 'table' AND NOT name = 'sqlite_sequence'
[0m
  [4;36;1mSQL (0.0ms)[0m   [0;1mPRAGMA index_list("courses")[0m
  [4;35;1mSQL (0.0ms)[0m   [0mPRAGMA index_list("users")[0m


Processing CoursesController#index (for 127.0.0.1 at 2009-11-18 18:53:29) [GET]
  [4;36;1mCourse Load (1.0ms)[0m   [0;1mSELECT * FROM "courses" [0m
Rendering template within layouts/application
Rendering courses/index

ActionView::TemplateError (Called id for nil, which would mistakenly be 4 -- if you really wanted the id of nil, use object_id) on line #3 of app/views/courses/index.html.erb:
1: 
2:  <h2> Kirjaudu:</h2>
3:   <% form_for @user do |f| %>
4:     <%= f.label :username, 'Käyttäjänimi' %>:
5:     <%= f.text_field :username %><br />
6: 	

    app/views/courses/index.html.erb:3
    -e:2:in `load'
    -e:2

Rendered rescues/_trace (46.0ms)
Rendered rescues/_request_and_response (2.0ms)
Rendering rescues/layout (internal_server_error)


Processing CoursesController#index (for 127.0.0.1 at 2009-11-18 18:54:05) [GET]
  [4;35;1mCourse Load (1.0ms)[0m   [0mSELECT * FROM "courses" [0m
Rendering template within layouts/application
Rendering courses/index

ActionView::TemplateError (Called id for nil, which would mistakenly be 4 -- if you really wanted the id of nil, use object_id) on line #3 of app/views/courses/index.html.erb:
1: 
2:  <h2> Kirjaudu:</h2>
3:   <% form_for @user do |f| %>
4:     <%= f.label :username, 'Käyttäjänimi' %>:
5:     <%= f.text_field :username %><br />
6: 	

    app/views/courses/index.html.erb:3
    -e:2:in `load'
    -e:2

Rendered rescues/_trace (83.0ms)
Rendered rescues/_request_and_response (0.0ms)
Rendering rescues/layout (internal_server_error)


Processing CoursesController#index (for 127.0.0.1 at 2009-11-18 18:57:20) [GET]
  [4;36;1mCourse Load (0.0ms)[0m   [0;1mSELECT * FROM "courses" [0m
Rendering template within layouts/application
Rendering courses/index

ActionView::TemplateError (Called id for nil, which would mistakenly be 4 -- if you really wanted the id of nil, use object_id) on line #3 of app/views/courses/index.html.erb:
1: 
2:  <h2> Kirjaudu:</h2>
3:   <% form_for @users do |f| %>
4:     <%= f.label :username, 'Käyttäjänimi' %>:
5:     <%= f.text_field :username %><br />
6: 	

    app/views/courses/index.html.erb:3
    -e:2:in `load'
    -e:2

Rendered rescues/_trace (46.0ms)
Rendered rescues/_request_and_response (0.0ms)
Rendering rescues/layout (internal_server_error)


Processing CoursesController#index (for 127.0.0.1 at 2009-11-18 18:57:23) [GET]
  [4;35;1mCourse Load (0.0ms)[0m   [0mSELECT * FROM "courses" [0m
Rendering template within layouts/application
Rendering courses/index

ActionView::TemplateError (Called id for nil, which would mistakenly be 4 -- if you really wanted the id of nil, use object_id) on line #3 of app/views/courses/index.html.erb:
1: 
2:  <h2> Kirjaudu:</h2>
3:   <% form_for @users do |f| %>
4:     <%= f.label :username, 'Käyttäjänimi' %>:
5:     <%= f.text_field :username %><br />
6: 	

    app/views/courses/index.html.erb:3
    -e:2:in `load'
    -e:2

Rendered rescues/_trace (45.0ms)
Rendered rescues/_request_and_response (1.0ms)
Rendering rescues/layout (internal_server_error)


Processing CoursesController#index (for 127.0.0.1 at 2009-11-18 19:00:37) [GET]
  [4;36;1mCourse Load (0.0ms)[0m   [0;1mSELECT * FROM "courses" [0m
Rendering template within layouts/application
Rendering courses/index

ActionView::TemplateError (Called id for nil, which would mistakenly be 4 -- if you really wanted the id of nil, use object_id) on line #3 of app/views/courses/index.html.erb:
1: 
2:  <h2> Kirjaudu:</h2>
3:   <% form_for @users do |f| %>
4:     <%= f.label :username, 'Käyttäjänimi' %>:
5:     <%= f.text_field :username %><br />
6: 	

    app/views/courses/index.html.erb:3
    -e:2:in `load'
    -e:2

Rendered rescues/_trace (50.0ms)
Rendered rescues/_request_and_response (0.0ms)
Rendering rescues/layout (internal_server_error)


Processing CoursesController#index (for 127.0.0.1 at 2009-11-18 19:02:03) [GET]
  [4;35;1mCourse Load (1.0ms)[0m   [0mSELECT * FROM "courses" [0m
Rendering template within layouts/application
Rendering courses/index

ActionView::TemplateError (undefined method `users_path' for #<ActionView::Base:0x52e8f4c>) on line #3 of app/views/courses/index.html.erb:
1: 
2:  <h2> Kirjaudu:</h2>
3:   <% form_for @users do |f| %>
4:     <%= f.label :username, 'Käyttäjänimi' %>:
5:     <%= f.text_field :username %><br />
6: 	

    app/views/courses/index.html.erb:3
    -e:2:in `load'
    -e:2

Rendered rescues/_trace (86.0ms)
Rendered rescues/_request_and_response (0.0ms)
Rendering rescues/layout (internal_server_error)


Processing CoursesController#index (for 127.0.0.1 at 2009-11-18 19:02:06) [GET]
  [4;36;1mCourse Load (0.0ms)[0m   [0;1mSELECT * FROM "courses" [0m
Rendering template within layouts/application
Rendering courses/index

ActionView::TemplateError (undefined method `users_path' for #<ActionView::Base:0x54e4828>) on line #3 of app/views/courses/index.html.erb:
1: 
2:  <h2> Kirjaudu:</h2>
3:   <% form_for @users do |f| %>
4:     <%= f.label :username, 'Käyttäjänimi' %>:
5:     <%= f.text_field :username %><br />
6: 	

    app/views/courses/index.html.erb:3
    -e:2:in `load'
    -e:2

Rendered rescues/_trace (47.0ms)
Rendered rescues/_request_and_response (1.0ms)
Rendering rescues/layout (internal_server_error)


Processing CoursesController#index (for 127.0.0.1 at 2009-11-18 19:03:21) [GET]
  [4;35;1mCourse Load (0.0ms)[0m   [0mSELECT * FROM "courses" [0m
Rendering template within layouts/application
Rendering courses/index

ActionView::TemplateError (undefined method `users_path' for #<ActionView::Base:0x4287400>) on line #3 of app/views/courses/index.html.erb:
1: 
2:  <h2> Kirjaudu:</h2>
3:   <% form_for @users do |f| %>
4:     <%= f.label :username, 'Käyttäjänimi' %>:
5:     <%= f.text_field :username %><br />
6: 	

    app/views/courses/index.html.erb:3
    -e:2:in `load'
    -e:2

Rendered rescues/_trace (48.0ms)
Rendered rescues/_request_and_response (0.0ms)
Rendering rescues/layout (internal_server_error)


Processing CoursesController#index (for 127.0.0.1 at 2009-11-18 19:06:18) [GET]
  [4;36;1mCourse Load (1.0ms)[0m   [0;1mSELECT * FROM "courses" [0m
Rendering template within layouts/application
Rendering courses/index
Completed in 1641ms (View: 1632, DB: 1) | 200 OK [http://127.0.0.1/]


Processing CoursesController#index (for 127.0.0.1 at 2009-11-18 19:10:52) [GET]
  [4;35;1mCourse Load (0.0ms)[0m   [0mSELECT * FROM "courses" [0m
Rendering template within layouts/application
Rendering courses/index
Completed in 20ms (View: 11, DB: 0) | 200 OK [http://127.0.0.1/]


Processing ApplicationController#create (for 127.0.0.1 at 2009-11-18 19:10:54) [POST]
  Parameters: {"user"=>{"username"=>"", "password"=>""}, "commit"=>"ok", "authenticity_token"=>"rYVyA/9oqSweAtbr4uPxlEp7c7HwphiqWk/3k+c6Slo="}

NameError (uninitialized constant UsersController):
  -e:2:in `load'
  -e:2

Rendered rescues/_trace (31.0ms)
Rendered rescues/_request_and_response (2.0ms)
Rendering rescues/layout (internal_server_error)


Processing CoursesController#index (for 127.0.0.1 at 2009-11-18 19:11:02) [GET]
  [4;36;1mCourse Load (1.0ms)[0m   [0;1mSELECT * FROM "courses" [0m
Rendering template within layouts/application
Rendering courses/index
Completed in 18ms (View: 7, DB: 1) | 200 OK [http://127.0.0.1/]


Processing ApplicationController#create (for 127.0.0.1 at 2009-11-18 19:11:05) [POST]
  Parameters: {"user"=>{"username"=>"as", "password"=>"asd"}, "commit"=>"ok", "authenticity_token"=>"rYVyA/9oqSweAtbr4uPxlEp7c7HwphiqWk/3k+c6Slo="}

NameError (uninitialized constant UsersController):
  -e:2:in `load'
  -e:2

Rendered rescues/_trace (29.0ms)
Rendered rescues/_request_and_response (0.0ms)
Rendering rescues/layout (internal_server_error)


Processing CoursesController#index (for 127.0.0.1 at 2009-11-18 19:12:23) [GET]
  [4;35;1mCourse Load (0.0ms)[0m   [0mSELECT * FROM "courses" [0m
Rendering template within layouts/application
Rendering courses/index
Completed in 20ms (View: 10, DB: 0) | 200 OK [http://127.0.0.1/]


Processing ApplicationController#create (for 127.0.0.1 at 2009-11-18 19:12:25) [POST]
  Parameters: {"user"=>{"username"=>"", "password"=>""}, "commit"=>"Kirjaudu", "authenticity_token"=>"rYVyA/9oqSweAtbr4uPxlEp7c7HwphiqWk/3k+c6Slo="}

NameError (uninitialized constant UsersController):
  -e:2:in `load'
  -e:2

Rendered rescues/_trace (30.0ms)
Rendered rescues/_request_and_response (0.0ms)
Rendering rescues/layout (internal_server_error)
